<?xml version="1.0" encoding="UTF-8"?>
<testsuite xmlns:xsi="http://www.w3.org/2001/XMLSchema-instance" xsi:noNamespaceSchemaLocation="https://maven.apache.org/surefire/maven-surefire-plugin/xsd/surefire-test-report.xsd" name="com.classKlap.parkingLotAssignment.ParkingLotAssignmentApplicationTests" time="0.888" tests="7" errors="0" skipped="0" failures="0">
  <properties>
[...]
</properties>
  <testcase name="parkingStatustest" classname="com.classKlap.parkingLotAssignment.ParkingLotAssignmentApplicationTests" time="0.203"/>
  <testcase name="addParkingTest" classname="com.classKlap.parkingLotAssignment.ParkingLotAssignmentApplicationTests" time="0.003"/>
  <testcase name="getSlotsByColorTest" classname="com.classKlap.parkingLotAssignment.ParkingLotAssignmentApplicationTests" time="0.003"/>
  <testcase name="registrationNumByColor" classname="com.classKlap.parkingLotAssignment.ParkingLotAssignmentApplicationTests" time="0.002"/>
  <testcase name="leaveParkingTest" classname="com.classKlap.parkingLotAssignment.ParkingLotAssignmentApplicationTests" time="0.002"/>
  <testcase name="getSlotNumByRegTest" classname="com.classKlap.parkingLotAssignment.ParkingLotAssignmentApplicationTests" time="0.002"/>
  <testcase name="createSlot" classname="com.classKlap.parkingLotAssignment.ParkingLotAssignmentApplicationTests" time="0.001"/>
</testsuite>